==25733== Memcheck, a memory error detector
==25733== Copyright (C) 2002-2017, and GNU GPL'd, by Julian Seward et al.
==25733== Using Valgrind-3.13.0 and LibVEX; rerun with -h for copyright info
==25733== Command: ./mysh -c pwd\ |\ (ls\ -alh\ /)\ |\ (pwd|pwd)\ |\ {pwd;pwd}\ |\ {{pwd|pwd};pwd}\ |\ 2\>&1\ \>/dev/null\ ls\ .\ fdsfsa\ |\ \>a\ pwd\ |\ \>\>b\ pwd\ |\ (pwd\ &)\ |\ cd\ /\ |\ exit\ 31
==25733== Parent PID: 25641
==25733== 
==25733== 
==25733== HEAP SUMMARY:
==25733==     in use at exit: 8 bytes in 1 blocks
==25733==   total heap usage: 107 allocs, 106 frees, 4,652 bytes allocated
==25733== 
==25733== LEAK SUMMARY:
==25733==    definitely lost: 0 bytes in 0 blocks
==25733==    indirectly lost: 0 bytes in 0 blocks
==25733==      possibly lost: 0 bytes in 0 blocks
==25733==    still reachable: 8 bytes in 1 blocks
==25733==         suppressed: 0 bytes in 0 blocks
==25733== Rerun with --leak-check=full to see details of leaked memory
==25733== 
==25733== For counts of detected and suppressed errors, rerun with: -v
==25733== ERROR SUMMARY: 0 errors from 0 contexts (suppressed: 0 from 0)
